<testsuites id="" name="" tests="472" failures="358" skipped="0" errors="0" time="1162.543463">
<testsuite name="cart.spec.js" timestamp="2025-07-15T18:27:52.044Z" hostname="chromium" tests="10" failures="10" skipped="0" time="298.304" errors="0">
<testcase name="Shopping Cart Functionality › should display empty cart message when cart is empty" classname="cart.spec.js" time="16.601">
<failure message="cart.spec.js:19:3 should display empty cart message when cart is empty" type="FAILURE">
<![CDATA[  [chromium] › cart.spec.js:19:3 › Shopping Cart Functionality › should display empty cart message when cart is empty 

    Error: Timed out 5000ms waiting for expect(locator).toBeVisible()

    Locator: locator('.no-data')
    Expected: visible
    Received: <element(s) not found>
    Call log:
      - Expect "toBeVisible" with timeout 5000ms
      - waiting for locator('.no-data')


      19 |   test('should display empty cart message when cart is empty', async ({ page }) => {
      20 |     await homePage.navigateToCart();
    > 21 |     await expect(cartPage.emptyCartMessage).toBeVisible();
         |                                             ^
      22 |     await expect(page.locator('.no-data')).toContainText('Your Shopping Cart is empty!');
      23 |   });
      24 |
        at E:\Automate\tests\cart.spec.js:21:45

    attachment #1: screenshot (image/png) ──────────────────────────────────────────────────────────
    ..\test-results\cart-Shopping-Cart-Functio-a66d9--message-when-cart-is-empty-chromium\test-failed-1.png
    ────────────────────────────────────────────────────────────────────────────────────────────────

    attachment #2: video (video/webm) ──────────────────────────────────────────────────────────────
    ..\test-results\cart-Shopping-Cart-Functio-a66d9--message-when-cart-is-empty-chromium\video.webm
    ────────────────────────────────────────────────────────────────────────────────────────────────

    Error Context: ..\test-results\cart-Shopping-Cart-Functio-a66d9--message-when-cart-is-empty-chromium\error-context.md
]]>
</failure>
<system-out>
<![CDATA[
[[ATTACHMENT|test-results\cart-Shopping-Cart-Functio-a66d9--message-when-cart-is-empty-chromium\test-failed-1.png]]

[[ATTACHMENT|test-results\cart-Shopping-Cart-Functio-a66d9--message-when-cart-is-empty-chromium\video.webm]]

[[ATTACHMENT|test-results\cart-Shopping-Cart-Functio-a66d9--message-when-cart-is-empty-chromium\error-context.md]]
]]>
</system-out>
</testcase>
<testcase name="Shopping Cart Functionality › should add product to cart and display correctly" classname="cart.spec.js" time="31.135">
<failure message="cart.spec.js:25:3 should add product to cart and display correctly" type="FAILURE">
<![CDATA[  [chromium] › cart.spec.js:25:3 › Shopping Cart Functionality › should add product to cart and display correctly 

    Test timeout of 30000ms exceeded.

    Error: locator.click: Test timeout of 30000ms exceeded.
    Call log:
      - waiting for locator('.product-title a').first()


      26 |     // Add a product to cart
      27 |     await homePage.search(testData.products.laptop);
    > 28 |     await page.locator('.product-title a').first().click();
         |                                                    ^
      29 |     const productName = await productPage.getProductTitle();
      30 |     
      31 |     await productPage.addToCart();
        at E:\Automate\tests\cart.spec.js:28:52

    attachment #1: screenshot (image/png) ──────────────────────────────────────────────────────────
    ..\test-results\cart-Shopping-Cart-Functio-a2cb6--cart-and-display-correctly-chromium\test-failed-1.png
    ────────────────────────────────────────────────────────────────────────────────────────────────

    attachment #2: video (video/webm) ──────────────────────────────────────────────────────────────
    ..\test-results\cart-Shopping-Cart-Functio-a2cb6--cart-and-display-correctly-chromium\video.webm
    ────────────────────────────────────────────────────────────────────────────────────────────────

    Error Context: ..\test-results\cart-Shopping-Cart-Functio-a2cb6--cart-and-display-correctly-chromium\error-context.md
]]>
</failure>
<system-out>
<![CDATA[
[[ATTACHMENT|test-results\cart-Shopping-Cart-Functio-a2cb6--cart-and-display-correctly-chromium\test-failed-1.png]]

[[ATTACHMENT|test-results\cart-Shopping-Cart-Functio-a2cb6--cart-and-display-correctly-chromium\video.webm]]

[[ATTACHMENT|test-results\cart-Shopping-Cart-Functio-a2cb6--cart-and-display-correctly-chromium\error-context.md]]
]]>
</system-out>
</testcase>
<testcase name="Shopping Cart Functionality › should update product quantity in cart" classname="cart.spec.js" time="32.1">
<failure message="cart.spec.js:44:3 should update product quantity in cart" type="FAILURE">
<![CDATA[  [chromium] › cart.spec.js:44:3 › Shopping Cart Functionality › should update product quantity in cart 

    Test timeout of 30000ms exceeded.

    Error: locator.click: Test timeout of 30000ms exceeded.
    Call log:
      - waiting for locator('#add-to-cart-button-27')


       at ..\page-objects\ProductPage.js:26

      24 |       await this.quantityInput.fill(quantity.toString());
      25 |     }
    > 26 |     await this.addToCartButton.click();
         |                                ^
      27 |   }
      28 |
      29 |   async addToWishlist() {
        at ProductPage.addToCart (E:\Automate\page-objects\ProductPage.js:26:32)
        at E:\Automate\tests\cart.spec.js:49:23

    attachment #1: screenshot (image/png) ──────────────────────────────────────────────────────────
    ..\test-results\cart-Shopping-Cart-Functio-7feae-te-product-quantity-in-cart-chromium\test-failed-1.png
    ────────────────────────────────────────────────────────────────────────────────────────────────

    attachment #2: video (video/webm) ──────────────────────────────────────────────────────────────
    ..\test-results\cart-Shopping-Cart-Functio-7feae-te-product-quantity-in-cart-chromium\video.webm
    ────────────────────────────────────────────────────────────────────────────────────────────────

    Error Context: ..\test-results\cart-Shopping-Cart-Functio-7feae-te-product-quantity-in-cart-chromium\error-context.md
]]>
</failure>
<system-out>
<![CDATA[
[[ATTACHMENT|test-results\cart-Shopping-Cart-Functio-7feae-te-product-quantity-in-cart-chromium\test-failed-1.png]]

[[ATTACHMENT|test-results\cart-Shopping-Cart-Functio-7feae-te-product-quantity-in-cart-chromium\video.webm]]

[[ATTACHMENT|test-results\cart-Shopping-Cart-Functio-7feae-te-product-quantity-in-cart-chromium\error-context.md]]
]]>
</system-out>
</testcase>
<testcase name="Shopping Cart Functionality › should remove product from cart" classname="cart.spec.js" time="32.176">
<failure message="cart.spec.js:62:3 should remove product from cart" type="FAILURE">
<![CDATA[  [chromium] › cart.spec.js:62:3 › Shopping Cart Functionality › should remove product from cart ───

    Test timeout of 30000ms exceeded.

    Error: locator.click: Test timeout of 30000ms exceeded.
    Call log:
      - waiting for locator('#add-to-cart-button-27')


       at ..\page-objects\ProductPage.js:26

      24 |       await this.quantityInput.fill(quantity.toString());
      25 |     }
    > 26 |     await this.addToCartButton.click();
         |                                ^
      27 |   }
      28 |
      29 |   async addToWishlist() {
        at ProductPage.addToCart (E:\Automate\page-objects\ProductPage.js:26:32)
        at E:\Automate\tests\cart.spec.js:67:23

    attachment #1: screenshot (image/png) ──────────────────────────────────────────────────────────
    ..\test-results\cart-Shopping-Cart-Functio-67d61-ld-remove-product-from-cart-chromium\test-failed-1.png
    ────────────────────────────────────────────────────────────────────────────────────────────────

    attachment #2: video (video/webm) ──────────────────────────────────────────────────────────────
    ..\test-results\cart-Shopping-Cart-Functio-67d61-ld-remove-product-from-cart-chromium\video.webm
    ────────────────────────────────────────────────────────────────────────────────────────────────

    Error Context: ..\test-results\cart-Shopping-Cart-Functio-67d61-ld-remove-product-from-cart-chromium\error-context.md
]]>
</failure>
<system-out>
<![CDATA[
[[ATTACHMENT|test-results\cart-Shopping-Cart-Functio-67d61-ld-remove-product-from-cart-chromium\test-failed-1.png]]

[[ATTACHMENT|test-results\cart-Shopping-Cart-Functio-67d61-ld-remove-product-from-cart-chromium\video.webm]]

[[ATTACHMENT|test-results\cart-Shopping-Cart-Functio-67d61-ld-remove-product-from-cart-chromium\error-context.md]]
]]>
</system-out>
</testcase>
<testcase name="Shopping Cart Functionality › should calculate total correctly with multiple products" classname="cart.spec.js" time="30.883">
<failure message="cart.spec.js:80:3 should calculate total correctly with multiple products" type="FAILURE">
<![CDATA[  [chromium] › cart.spec.js:80:3 › Shopping Cart Functionality › should calculate total correctly with multiple products 

    Test timeout of 30000ms exceeded.

    Error: locator.click: Test timeout of 30000ms exceeded.
    Call log:
      - waiting for locator('.product-title a').first()


      81 |     // Add first product
      82 |     await homePage.search(testData.products.laptop);
    > 83 |     await page.locator('.product-title a').first().click();
         |                                                    ^
      84 |     await productPage.addToCart();
      85 |     await productPage.closeNotification();
      86 |     
        at E:\Automate\tests\cart.spec.js:83:52

    attachment #1: screenshot (image/png) ──────────────────────────────────────────────────────────
    ..\test-results\cart-Shopping-Cart-Functio-fc71c-ctly-with-multiple-products-chromium\test-failed-1.png
    ────────────────────────────────────────────────────────────────────────────────────────────────

    attachment #2: video (video/webm) ──────────────────────────────────────────────────────────────
    ..\test-results\cart-Shopping-Cart-Functio-fc71c-ctly-with-multiple-products-chromium\video.webm
    ────────────────────────────────────────────────────────────────────────────────────────────────

    Error Context: ..\test-results\cart-Shopping-Cart-Functio-fc71c-ctly-with-multiple-products-chromium\error-context.md
]]>
</failure>
<system-out>
<![CDATA[
[[ATTACHMENT|test-results\cart-Shopping-Cart-Functio-fc71c-ctly-with-multiple-products-chromium\test-failed-1.png]]

[[ATTACHMENT|test-results\cart-Shopping-Cart-Functio-fc71c-ctly-with-multiple-products-chromium\video.webm]]

[[ATTACHMENT|test-results\cart-Shopping-Cart-Functio-fc71c-ctly-with-multiple-products-chromium\error-context.md]]
]]>
</system-out>
</testcase>
<testcase name="Shopping Cart Functionality › should continue shopping from cart" classname="cart.spec.js" time="30.765">
<failure message="cart.spec.js:103:3 should continue shopping from cart" type="FAILURE">
<![CDATA[  [chromium] › cart.spec.js:103:3 › Shopping Cart Functionality › should continue shopping from cart 

    Test timeout of 30000ms exceeded.

    Error: locator.click: Test timeout of 30000ms exceeded.
    Call log:
      - waiting for locator('.product-title a').first()


      104 |     // Add a product to cart
      105 |     await homePage.search(testData.products.laptop);
    > 106 |     await page.locator('.product-title a').first().click();
          |                                                    ^
      107 |     await productPage.addToCart();
      108 |     await productPage.closeNotification();
      109 |     
        at E:\Automate\tests\cart.spec.js:106:52

    attachment #1: screenshot (image/png) ──────────────────────────────────────────────────────────
    ..\test-results\cart-Shopping-Cart-Functio-8602d-continue-shopping-from-cart-chromium\test-failed-1.png
    ────────────────────────────────────────────────────────────────────────────────────────────────

    attachment #2: video (video/webm) ──────────────────────────────────────────────────────────────
    ..\test-results\cart-Shopping-Cart-Functio-8602d-continue-shopping-from-cart-chromium\video.webm
    ────────────────────────────────────────────────────────────────────────────────────────────────

    Error Context: ..\test-results\cart-Shopping-Cart-Functio-8602d-continue-shopping-from-cart-chromium\error-context.md
]]>
</failure>
<system-out>
<![CDATA[
[[ATTACHMENT|test-results\cart-Shopping-Cart-Functio-8602d-continue-shopping-from-cart-chromium\test-failed-1.png]]

[[ATTACHMENT|test-results\cart-Shopping-Cart-Functio-8602d-continue-shopping-from-cart-chromium\video.webm]]

[[ATTACHMENT|test-results\cart-Shopping-Cart-Functio-8602d-continue-shopping-from-cart-chromium\error-context.md]]
]]>
</system-out>
</testcase>
<testcase name="Shopping Cart Functionality › should require terms acceptance for checkout" classname="cart.spec.js" time="30.676">
<failure message="cart.spec.js:120:3 should require terms acceptance for checkout" type="FAILURE">
<![CDATA[  [chromium] › cart.spec.js:120:3 › Shopping Cart Functionality › should require terms acceptance for checkout 

    Test timeout of 30000ms exceeded.

    Error: locator.click: Test timeout of 30000ms exceeded.
    Call log:
      - waiting for locator('#add-to-cart-button-27')


       at ..\page-objects\ProductPage.js:26

      24 |       await this.quantityInput.fill(quantity.toString());
      25 |     }
    > 26 |     await this.addToCartButton.click();
         |                                ^
      27 |   }
      28 |
      29 |   async addToWishlist() {
        at ProductPage.addToCart (E:\Automate\page-objects\ProductPage.js:26:32)
        at E:\Automate\tests\cart.spec.js:124:23

    attachment #1: screenshot (image/png) ──────────────────────────────────────────────────────────
    ..\test-results\cart-Shopping-Cart-Functio-d7ce2-rms-acceptance-for-checkout-chromium\test-failed-1.png
    ────────────────────────────────────────────────────────────────────────────────────────────────

    attachment #2: video (video/webm) ──────────────────────────────────────────────────────────────
    ..\test-results\cart-Shopping-Cart-Functio-d7ce2-rms-acceptance-for-checkout-chromium\video.webm
    ────────────────────────────────────────────────────────────────────────────────────────────────

    Error Context: ..\test-results\cart-Shopping-Cart-Functio-d7ce2-rms-acceptance-for-checkout-chromium\error-context.md
]]>
</failure>
<system-out>
<![CDATA[
[[ATTACHMENT|test-results\cart-Shopping-Cart-Functio-d7ce2-rms-acceptance-for-checkout-chromium\test-failed-1.png]]

[[ATTACHMENT|test-results\cart-Shopping-Cart-Functio-d7ce2-rms-acceptance-for-checkout-chromium\video.webm]]

[[ATTACHMENT|test-results\cart-Shopping-Cart-Functio-d7ce2-rms-acceptance-for-checkout-chromium\error-context.md]]
]]>
</system-out>
</testcase>
<testcase name="Shopping Cart Functionality › should apply discount code" classname="cart.spec.js" time="30.826">
<failure message="cart.spec.js:137:3 should apply discount code" type="FAILURE">
<![CDATA[  [chromium] › cart.spec.js:137:3 › Shopping Cart Functionality › should apply discount code ───────

    Test timeout of 30000ms exceeded.

    Error: locator.click: Test timeout of 30000ms exceeded.
    Call log:
      - waiting for locator('#add-to-cart-button-27')


       at ..\page-objects\ProductPage.js:26

      24 |       await this.quantityInput.fill(quantity.toString());
      25 |     }
    > 26 |     await this.addToCartButton.click();
         |                                ^
      27 |   }
      28 |
      29 |   async addToWishlist() {
        at ProductPage.addToCart (E:\Automate\page-objects\ProductPage.js:26:32)
        at E:\Automate\tests\cart.spec.js:141:23

    attachment #1: screenshot (image/png) ──────────────────────────────────────────────────────────
    ..\test-results\cart-Shopping-Cart-Functionality-should-apply-discount-code-chromium\test-failed-1.png
    ────────────────────────────────────────────────────────────────────────────────────────────────

    attachment #2: video (video/webm) ──────────────────────────────────────────────────────────────
    ..\test-results\cart-Shopping-Cart-Functionality-should-apply-discount-code-chromium\video.webm
    ────────────────────────────────────────────────────────────────────────────────────────────────

    Error Context: ..\test-results\cart-Shopping-Cart-Functionality-should-apply-discount-code-chromium\error-context.md
]]>
</failure>
<system-out>
<![CDATA[
[[ATTACHMENT|test-results\cart-Shopping-Cart-Functionality-should-apply-discount-code-chromium\test-failed-1.png]]

[[ATTACHMENT|test-results\cart-Shopping-Cart-Functionality-should-apply-discount-code-chromium\video.webm]]

[[ATTACHMENT|test-results\cart-Shopping-Cart-Functionality-should-apply-discount-code-chromium\error-context.md]]
]]>
</system-out>
</testcase>
<testcase name="Shopping Cart Functionality › should apply gift card code" classname="cart.spec.js" time="31.635">
<failure message="cart.spec.js:154:3 should apply gift card code" type="FAILURE">
<![CDATA[  [chromium] › cart.spec.js:154:3 › Shopping Cart Functionality › should apply gift card code ──────

    Test timeout of 30000ms exceeded.

    Error: locator.click: Test timeout of 30000ms exceeded.
    Call log:
      - waiting for locator('.product-title a').first()


      155 |     // Add a product to cart
      156 |     await homePage.search(testData.products.laptop);
    > 157 |     await page.locator('.product-title a').first().click();
          |                                                    ^
      158 |     await productPage.addToCart();
      159 |     await productPage.closeNotification();
      160 |     
        at E:\Automate\tests\cart.spec.js:157:52

    attachment #1: screenshot (image/png) ──────────────────────────────────────────────────────────
    ..\test-results\cart-Shopping-Cart-Functionality-should-apply-gift-card-code-chromium\test-failed-1.png
    ────────────────────────────────────────────────────────────────────────────────────────────────

    attachment #2: video (video/webm) ──────────────────────────────────────────────────────────────
    ..\test-results\cart-Shopping-Cart-Functionality-should-apply-gift-card-code-chromium\video.webm
    ────────────────────────────────────────────────────────────────────────────────────────────────

    Error Context: ..\test-results\cart-Shopping-Cart-Functionality-should-apply-gift-card-code-chromium\error-context.md
]]>
</failure>
<system-out>
<![CDATA[
[[ATTACHMENT|test-results\cart-Shopping-Cart-Functionality-should-apply-gift-card-code-chromium\test-failed-1.png]]

[[ATTACHMENT|test-results\cart-Shopping-Cart-Functionality-should-apply-gift-card-code-chromium\video.webm]]

[[ATTACHMENT|test-results\cart-Shopping-Cart-Functionality-should-apply-gift-card-code-chromium\error-context.md]]
]]>
</system-out>
</testcase>
<testcase name="Shopping Cart Functionality › should select gift wrapping option" classname="cart.spec.js" time="31.507">
<failure message="cart.spec.js:171:3 should select gift wrapping option" type="FAILURE">
<![CDATA[  [chromium] › cart.spec.js:171:3 › Shopping Cart Functionality › should select gift wrapping option 

    Test timeout of 30000ms exceeded.

    Error: locator.click: Test timeout of 30000ms exceeded.
    Call log:
      - waiting for locator('#add-to-cart-button-27')


       at ..\page-objects\ProductPage.js:26

      24 |       await this.quantityInput.fill(quantity.toString());
      25 |     }
    > 26 |     await this.addToCartButton.click();
         |                                ^
      27 |   }
      28 |
      29 |   async addToWishlist() {
        at ProductPage.addToCart (E:\Automate\page-objects\ProductPage.js:26:32)
        at E:\Automate\tests\cart.spec.js:175:23

    attachment #1: screenshot (image/png) ──────────────────────────────────────────────────────────
    ..\test-results\cart-Shopping-Cart-Functio-3f424-select-gift-wrapping-option-chromium\test-failed-1.png
    ────────────────────────────────────────────────────────────────────────────────────────────────

    attachment #2: video (video/webm) ──────────────────────────────────────────────────────────────
    ..\test-results\cart-Shopping-Cart-Functio-3f424-select-gift-wrapping-option-chromium\video.webm
    ────────────────────────────────────────────────────────────────────────────────────────────────

    Error Context: ..\test-results\cart-Shopping-Cart-Functio-3f424-select-gift-wrapping-option-chromium\error-context.md
]]>
</failure>
<system-out>
<![CDATA[
[[ATTACHMENT|test-results\cart-Shopping-Cart-Functio-3f424-select-gift-wrapping-option-chromium\test-failed-1.png]]

[[ATTACHMENT|test-results\cart-Shopping-Cart-Functio-3f424-select-gift-wrapping-option-chromium\video.webm]]

[[ATTACHMENT|test-results\cart-Shopping-Cart-Functio-3f424-select-gift-wrapping-option-chromium\error-context.md]]
]]>
</system-out>
</testcase>
</testsuite>
<testsuite name="category.spec.js" timestamp="2025-07-15T18:27:52.044Z" hostname="chromium" tests="13" failures="13" skipped="0" time="36.866" errors="0">
<testcase name="Category and Navigation › should navigate to category pages" classname="category.spec.js" time="3.194">
<failure message="category.spec.js:16:3 should navigate to category pages" type="FAILURE">
<![CDATA[  [chromium] › category.spec.js:16:3 › Category and Navigation › should navigate to category pages ─

    Error: locator.click: Error: strict mode violation: locator('.top-menu a').filter({ hasText: 'Computers' }) resolved to 2 elements:
        1) <a href="/computers">Computers </a> aka getByRole('link', { name: 'Computers' })
        2) <a href="/computers">Computers </a> aka getByText('Computers').nth(1)

    Call log:
      - waiting for locator('.top-menu a').filter({ hasText: 'Computers' })


       at ..\page-objects\HomePage.js:24

      22 |
      23 |   async clickCategory(categoryName) {
    > 24 |     await this.categories.filter({ hasText: categoryName }).click();
         |                                                             ^
      25 |   }
      26 |
      27 |   async clickFeaturedProduct(index = 0) {
        at HomePage.clickCategory (E:\Automate\page-objects\HomePage.js:24:61)
        at E:\Automate\tests\category.spec.js:18:22

    attachment #1: screenshot (image/png) ──────────────────────────────────────────────────────────
    ..\test-results\category-Category-and-Navi-3362e--navigate-to-category-pages-chromium\test-failed-1.png
    ────────────────────────────────────────────────────────────────────────────────────────────────

    attachment #2: video (video/webm) ──────────────────────────────────────────────────────────────
    ..\test-results\category-Category-and-Navi-3362e--navigate-to-category-pages-chromium\video.webm
    ────────────────────────────────────────────────────────────────────────────────────────────────

    Error Context: ..\test-results\category-Category-and-Navi-3362e--navigate-to-category-pages-chromium\error-context.md
]]>
</failure>
<system-out>
<![CDATA[
[[ATTACHMENT|test-results\category-Category-and-Navi-3362e--navigate-to-category-pages-chromium\test-failed-1.png]]

[[ATTACHMENT|test-results\category-Category-and-Navi-3362e--navigate-to-category-pages-chromium\video.webm]]

[[ATTACHMENT|test-results\category-Category-and-Navi-3362e--navigate-to-category-pages-chromium\error-context.md]]
]]>
</system-out>
</testcase>
<testcase name="Category and Navigation › should display category products" classname="category.spec.js" time="3.954">
<failure message="category.spec.js:25:3 should display category products" type="FAILURE">
<![CDATA[  [chromium] › category.spec.js:25:3 › Category and Navigation › should display category products ──

    Error: locator.click: Error: strict mode violation: locator('.top-menu a').filter({ hasText: 'Computers' }) resolved to 2 elements:
        1) <a href="/computers">Computers </a> aka getByRole('link', { name: 'Computers' })
        2) <a href="/computers">Computers </a> aka getByText('Computers').nth(1)

    Call log:
      - waiting for locator('.top-menu a').filter({ hasText: 'Computers' })


       at ..\page-objects\HomePage.js:24

      22 |
      23 |   async clickCategory(categoryName) {
    > 24 |     await this.categories.filter({ hasText: categoryName }).click();
         |                                                             ^
      25 |   }
      26 |
      27 |   async clickFeaturedProduct(index = 0) {
        at HomePage.clickCategory (E:\Automate\page-objects\HomePage.js:24:61)
        at E:\Automate\tests\category.spec.js:26:20

    attachment #1: screenshot (image/png) ──────────────────────────────────────────────────────────
    ..\test-results\category-Category-and-Navi-f780c-d-display-category-products-chromium\test-failed-1.png
    ────────────────────────────────────────────────────────────────────────────────────────────────

    attachment #2: video (video/webm) ──────────────────────────────────────────────────────────────
    ..\test-results\category-Category-and-Navi-f780c-d-display-category-products-chromium\video.webm
    ────────────────────────────────────────────────────────────────────────────────────────────────

    Error Context: ..\test-results\category-Category-and-Navi-f780c-d-display-category-products-chromium\error-context.md
]]>
</failure>
<system-out>
<![CDATA[
[[ATTACHMENT|test-results\category-Category-and-Navi-f780c-d-display-category-products-chromium\test-failed-1.png]]

[[ATTACHMENT|test-results\category-Category-and-Navi-f780c-d-display-category-products-chromium\video.webm]]

[[ATTACHMENT|test-results\category-Category-and-Navi-f780c-d-display-category-products-chromium\error-context.md]]
]]>
</system-out>
</testcase>
<testcase name="Category and Navigation › should sort products by different criteria" classname="category.spec.js" time="3.747">
<failure message="category.spec.js:37:3 should sort products by different criteria" type="FAILURE">
<![CDATA[  [chromium] › category.spec.js:37:3 › Category and Navigation › should sort products by different criteria 

    Error: locator.click: Error: strict mode violation: locator('.top-menu a').filter({ hasText: 'Computers' }) resolved to 2 elements:
        1) <a href="/computers">Computers </a> aka getByRole('link', { name: 'Computers' })
        2) <a href="/computers">Computers </a> aka getByText('Computers').nth(1)

    Call log:
      - waiting for locator('.top-menu a').filter({ hasText: 'Computers' })


       at ..\page-objects\HomePage.js:24

      22 |
      23 |   async clickCategory(categoryName) {
    > 24 |     await this.categories.filter({ hasText: categoryName }).click();
         |                                                             ^
      25 |   }
      26 |
      27 |   async clickFeaturedProduct(index = 0) {
        at HomePage.clickCategory (E:\Automate\page-objects\HomePage.js:24:61)
        at E:\Automate\tests\category.spec.js:38:20

    attachment #1: screenshot (image/png) ──────────────────────────────────────────────────────────
    ..\test-results\category-Category-and-Navi-7c936-ducts-by-different-criteria-chromium\test-failed-1.png
    ────────────────────────────────────────────────────────────────────────────────────────────────

    attachment #2: video (video/webm) ──────────────────────────────────────────────────────────────
    ..\test-results\category-Category-and-Navi-7c936-ducts-by-different-criteria-chromium\video.webm
    ────────────────────────────────────────────────────────────────────────────────────────────────

    Error Context: ..\test-results\category-Category-and-Navi-7c936-ducts-by-different-criteria-chromium\error-context.md
]]>
</failure>
<system-out>
<![CDATA[
[[ATTACHMENT|test-results\category-Category-and-Navi-7c936-ducts-by-different-criteria-chromium\test-failed-1.png]]

[[ATTACHMENT|test-results\category-Category-and-Navi-7c936-ducts-by-different-criteria-chromium\video.webm]]

[[ATTACHMENT|test-results\category-Category-and-Navi-7c936-ducts-by-different-criteria-chromium\error-context.md]]
]]>
</system-out>
</testcase>
<testcase name="Category and Navigation › should change products per page display" classname="category.spec.js" time="3.796">
<failure message="category.spec.js:54:3 should change products per page display" type="FAILURE">
<![CDATA[  [chromium] › category.spec.js:54:3 › Category and Navigation › should change products per page display 

    Error: locator.click: Error: strict mode violation: locator('.top-menu a').filter({ hasText: 'Computers' }) resolved to 2 elements:
        1) <a href="/computers">Computers </a> aka getByRole('link', { name: 'Computers' })
        2) <a href="/computers">Computers </a> aka getByText('Computers').nth(1)

    Call log:
      - waiting for locator('.top-menu a').filter({ hasText: 'Computers' })


       at ..\page-objects\HomePage.js:24

      22 |
      23 |   async clickCategory(categoryName) {
    > 24 |     await this.categories.filter({ hasText: categoryName }).click();
         |                                                             ^
      25 |   }
      26 |
      27 |   async clickFeaturedProduct(index = 0) {
        at HomePage.clickCategory (E:\Automate\page-objects\HomePage.js:24:61)
        at E:\Automate\tests\category.spec.js:55:20

    attachment #1: screenshot (image/png) ──────────────────────────────────────────────────────────
    ..\test-results\category-Category-and-Navi-76189-e-products-per-page-display-chromium\test-failed-1.png
    ────────────────────────────────────────────────────────────────────────────────────────────────

    attachment #2: video (video/webm) ──────────────────────────────────────────────────────────────
    ..\test-results\category-Category-and-Navi-76189-e-products-per-page-display-chromium\video.webm
    ────────────────────────────────────────────────────────────────────────────────────────────────

    Error Context: ..\test-results\category-Category-and-Navi-76189-e-products-per-page-display-chromium\error-context.md
]]>
</failure>
<system-out>
<![CDATA[
[[ATTACHMENT|test-results\category-Category-and-Navi-76189-e-products-per-page-display-chromium\test-failed-1.png]]

[[ATTACHMENT|test-results\category-Category-and-Navi-76189-e-products-per-page-display-chromium\video.webm]]

[[ATTACHMENT|test-results\category-Category-and-Navi-76189-e-products-per-page-display-chromium\error-context.md]]
]]>
</system-out>
</testcase>
<testcase name="Category and Navigation › should switch between grid and list view" classname="category.spec.js" time="3.939">
<failure message="category.spec.js:65:3 should switch between grid and list view" type="FAILURE">
<![CDATA[  [chromium] › category.spec.js:65:3 › Category and Navigation › should switch between grid and list view 

    Error: locator.click: Error: strict mode violation: locator('.top-menu a').filter({ hasText: 'Computers' }) resolved to 2 elements:
        1) <a href="/computers">Computers </a> aka getByRole('link', { name: 'Computers' })
        2) <a href="/computers">Computers </a> aka getByText('Computers').nth(1)

    Call log:
      - waiting for locator('.top-menu a').filter({ hasText: 'Computers' })


       at ..\page-objects\HomePage.js:24

      22 |
      23 |   async clickCategory(categoryName) {
    > 24 |     await this.categories.filter({ hasText: categoryName }).click();
         |                                                             ^
      25 |   }
      26 |
      27 |   async clickFeaturedProduct(index = 0) {
        at HomePage.clickCategory (E:\Automate\page-objects\HomePage.js:24:61)
        at E:\Automate\tests\category.spec.js:66:20

    attachment #1: screenshot (image/png) ──────────────────────────────────────────────────────────
    ..\test-results\category-Category-and-Navi-b94fe--between-grid-and-list-view-chromium\test-failed-1.png
    ────────────────────────────────────────────────────────────────────────────────────────────────

    attachment #2: video (video/webm) ──────────────────────────────────────────────────────────────
    ..\test-results\category-Category-and-Navi-b94fe--between-grid-and-list-view-chromium\video.webm
    ────────────────────────────────────────────────────────────────────────────────────────────────

    Error Context: ..\test-results\category-Category-and-Navi-b94fe--between-grid-and-list-view-chromium\error-context.md
]]>
</failure>
<system-out>
<![CDATA[
[[ATTACHMENT|test-results\category-Category-and-Navi-b94fe--between-grid-and-list-view-chromium\test-failed-1.png]]

[[ATTACHMENT|test-results\category-Category-and-Navi-b94fe--between-grid-and-list-view-chromium\video.webm]]

[[ATTACHMENT|test-results\category-Category-and-Navi-b94fe--between-grid-and-list-view-chromium\error-context.md]]
]]>
</system-out>
</testcase>
<testcase name="Category and Navigation › should navigate through pagination" classname="category.spec.js" time="4.997">
<failure message="category.spec.js:82:3 should navigate through pagination" type="FAILURE">
<![CDATA[  [chromium] › category.spec.js:82:3 › Category and Navigation › should navigate through pagination 

    Error: locator.click: Error: strict mode violation: locator('.top-menu a').filter({ hasText: 'Computers' }) resolved to 2 elements:
        1) <a href="/computers">Computers </a> aka getByRole('link', { name: 'Computers' })
        2) <a href="/computers">Computers </a> aka getByText('Computers').nth(1)

    Call log:
      - waiting for locator('.top-menu a').filter({ hasText: 'Computers' })


       at ..\page-objects\HomePage.js:24

      22 |
      23 |   async clickCategory(categoryName) {
    > 24 |     await this.categories.filter({ hasText: categoryName }).click();
         |                                                             ^
      25 |   }
      26 |
      27 |   async clickFeaturedProduct(index = 0) {
        at HomePage.clickCategory (E:\Automate\page-objects\HomePage.js:24:61)
        at E:\Automate\tests\category.spec.js:83:20

    attachment #1: screenshot (image/png) ──────────────────────────────────────────────────────────
    ..\test-results\category-Category-and-Navi-b1125-navigate-through-pagination-chromium\test-failed-1.png
    ────────────────────────────────────────────────────────────────────────────────────────────────

    attachment #2: video (video/webm) ──────────────────────────────────────────────────────────────
    ..\test-results\category-Category-and-Navi-b1125-navigate-through-pagination-chromium\video.webm
    ────────────────────────────────────────────────────────────────────────────────────────────────

    Error Context: ..\test-results\category-Category-and-Navi-b1125-navigate-through-pagination-chromium\error-context.md
]]>
</failure>
<system-out>
<![CDATA[
[[ATTACHMENT|test-results\category-Category-and-Navi-b1125-navigate-through-pagination-chromium\test-failed-1.png]]

[[ATTACHMENT|test-results\category-Category-and-Navi-b1125-navigate-through-pagination-chromium\video.webm]]

[[ATTACHMENT|test-results\category-Category-and-Navi-b1125-navigate-through-pagination-chromium\error-context.md]]
]]>
</system-out>
</testcase>
<testcase name="Category and Navigation › should display breadcrumb navigation" classname="category.spec.js" time="2.214">
<failure message="category.spec.js:104:3 should display breadcrumb navigation" type="FAILURE">
<![CDATA[  [chromium] › category.spec.js:104:3 › Category and Navigation › should display breadcrumb navigation 

    Error: locator.click: Error: strict mode violation: locator('.top-menu a').filter({ hasText: 'Computers' }) resolved to 2 elements:
        1) <a href="/computers">Computers </a> aka getByRole('link', { name: 'Computers' })
        2) <a href="/computers">Computers </a> aka getByText('Computers').nth(1)

    Call log:
      - waiting for locator('.top-menu a').filter({ hasText: 'Computers' })


       at ..\page-objects\HomePage.js:24

      22 |
      23 |   async clickCategory(categoryName) {
    > 24 |     await this.categories.filter({ hasText: categoryName }).click();
         |                                                             ^
      25 |   }
      26 |
      27 |   async clickFeaturedProduct(index = 0) {
        at HomePage.clickCategory (E:\Automate\page-objects\HomePage.js:24:61)
        at E:\Automate\tests\category.spec.js:105:20

    attachment #1: screenshot (image/png) ──────────────────────────────────────────────────────────
    ..\test-results\category-Category-and-Navi-69479-splay-breadcrumb-navigation-chromium\test-failed-1.png
    ────────────────────────────────────────────────────────────────────────────────────────────────

    attachment #2: video (video/webm) ──────────────────────────────────────────────────────────────
    ..\test-results\category-Category-and-Navi-69479-splay-breadcrumb-navigation-chromium\video.webm
    ────────────────────────────────────────────────────────────────────────────────────────────────

    Error Context: ..\test-results\category-Category-and-Navi-69479-splay-breadcrumb-navigation-chromium\error-context.md
]]>
</failure>
<system-out>
<![CDATA[
[[ATTACHMENT|test-results\category-Category-and-Navi-69479-splay-breadcrumb-navigation-chromium\test-failed-1.png]]

[[ATTACHMENT|test-results\category-Category-and-Navi-69479-splay-breadcrumb-navigation-chromium\video.webm]]

[[ATTACHMENT|test-results\category-Category-and-Navi-69479-splay-breadcrumb-navigation-chromium\error-context.md]]
]]>
</system-out>
</testcase>
<testcase name="Category and Navigation › should add products to cart from category page" classname="category.spec.js" time="1.537">
<failure message="category.spec.js:115:3 should add products to cart from category page" type="FAILURE">
<![CDATA[  [chromium] › category.spec.js:115:3 › Category and Navigation › should add products to cart from category page 

    Error: locator.click: Error: strict mode violation: locator('.top-menu a').filter({ hasText: 'Computers' }) resolved to 2 elements:
        1) <a href="/computers">Computers </a> aka getByRole('link', { name: 'Computers' })
        2) <a href="/computers">Computers </a> aka getByText('Computers').nth(1)

    Call log:
      - waiting for locator('.top-menu a').filter({ hasText: 'Computers' })


       at ..\page-objects\HomePage.js:24

      22 |
      23 |   async clickCategory(categoryName) {
    > 24 |     await this.categories.filter({ hasText: categoryName }).click();
         |                                                             ^
      25 |   }
      26 |
      27 |   async clickFeaturedProduct(index = 0) {
        at HomePage.clickCategory (E:\Automate\page-objects\HomePage.js:24:61)
        at E:\Automate\tests\category.spec.js:116:20

    attachment #1: screenshot (image/png) ──────────────────────────────────────────────────────────
    ..\test-results\category-Category-and-Navi-340bf--to-cart-from-category-page-chromium\test-failed-1.png
    ────────────────────────────────────────────────────────────────────────────────────────────────

    attachment #2: video (video/webm) ──────────────────────────────────────────────────────────────
    ..\test-results\category-Category-and-Navi-340bf--to-cart-from-category-page-chromium\video.webm
    ────────────────────────────────────────────────────────────────────────────────────────────────

    Error Context: ..\test-results\category-Category-and-Navi-340bf--to-cart-from-category-page-chromium\error-context.md
]]>
</failure>
<system-out>
<![CDATA[
[[ATTACHMENT|test-results\category-Category-and-Navi-340bf--to-cart-from-category-page-chromium\test-failed-1.png]]

[[ATTACHMENT|test-results\category-Category-and-Navi-340bf--to-cart-from-category-page-chromium\video.webm]]

[[ATTACHMENT|test-results\category-Category-and-Navi-340bf--to-cart-from-category-page-chromium\error-context.md]]
]]>
</system-out>
</testcase>
<testcase name="Category and Navigation › should add products to wishlist from category page" classname="category.spec.js" time="2.381">
<failure message="category.spec.js:125:3 should add products to wishlist from category page" type="FAILURE">
<![CDATA[  [chromium] › category.spec.js:125:3 › Category and Navigation › should add products to wishlist from category page 

    Error: locator.click: Error: strict mode violation: locator('.top-menu a').filter({ hasText: 'Computers' }) resolved to 2 elements:
        1) <a href="/computers">Computers </a> aka getByRole('link', { name: 'Computers' })
        2) <a href="/computers">Computers </a> aka getByText('Computers').nth(1)

    Call log:
      - waiting for locator('.top-menu a').filter({ hasText: 'Computers' })


       at ..\page-objects\HomePage.js:24

      22 |
      23 |   async clickCategory(categoryName) {
    > 24 |     await this.categories.filter({ hasText: categoryName }).click();
         |                                                             ^
      25 |   }
      26 |
      27 |   async clickFeaturedProduct(index = 0) {
        at HomePage.clickCategory (E:\Automate\page-objects\HomePage.js:24:61)
        at E:\Automate\tests\category.spec.js:126:20

    attachment #1: screenshot (image/png) ──────────────────────────────────────────────────────────
    ..\test-results\category-Category-and-Navi-4fa26-wishlist-from-category-page-chromium\test-failed-1.png
    ────────────────────────────────────────────────────────────────────────────────────────────────

    attachment #2: video (video/webm) ──────────────────────────────────────────────────────────────
    ..\test-results\category-Category-and-Navi-4fa26-wishlist-from-category-page-chromium\video.webm
    ────────────────────────────────────────────────────────────────────────────────────────────────

    Error Context: ..\test-results\category-Category-and-Navi-4fa26-wishlist-from-category-page-chromium\error-context.md
]]>
</failure>
<system-out>
<![CDATA[
[[ATTACHMENT|test-results\category-Category-and-Navi-4fa26-wishlist-from-category-page-chromium\test-failed-1.png]]

[[ATTACHMENT|test-results\category-Category-and-Navi-4fa26-wishlist-from-category-page-chromium\video.webm]]

[[ATTACHMENT|test-results\category-Category-and-Navi-4fa26-wishlist-from-category-page-chromium\error-context.md]]
]]>
</system-out>
</testcase>
<testcase name="Category and Navigation › should add products to compare from category page" classname="category.spec.js" time="1.467">
<failure message="category.spec.js:135:3 should add products to compare from category page" type="FAILURE">
<![CDATA[  [chromium] › category.spec.js:135:3 › Category and Navigation › should add products to compare from category page 

    Error: locator.click: Error: strict mode violation: locator('.top-menu a').filter({ hasText: 'Computers' }) resolved to 2 elements:
        1) <a href="/computers">Computers </a> aka getByRole('link', { name: 'Computers' })
        2) <a href="/computers">Computers </a> aka getByText('Computers').nth(1)

    Call log:
      - waiting for locator('.top-menu a').filter({ hasText: 'Computers' })


       at ..\page-objects\HomePage.js:24

      22 |
      23 |   async clickCategory(categoryName) {
    > 24 |     await this.categories.filter({ hasText: categoryName }).click();
         |                                                             ^
      25 |   }
      26 |
      27 |   async clickFeaturedProduct(index = 0) {
        at HomePage.clickCategory (E:\Automate\page-objects\HomePage.js:24:61)
        at E:\Automate\tests\category.spec.js:136:20

    attachment #1: screenshot (image/png) ──────────────────────────────────────────────────────────
    ..\test-results\category-Category-and-Navi-a85f8--compare-from-category-page-chromium\test-failed-1.png
    ────────────────────────────────────────────────────────────────────────────────────────────────

    attachment #2: video (video/webm) ──────────────────────────────────────────────────────────────
    ..\test-results\category-Category-and-Navi-a85f8--compare-from-category-page-chromium\video.webm
    ────────────────────────────────────────────────────────────────────────────────────────────────

    Error Context: ..\test-results\category-Category-and-Navi-a85f8--compare-from-category-page-chromium\error-context.md
]]>
</failure>
<system-out>
<![CDATA[
[[ATTACHMENT|test-results\category-Category-and-Navi-a85f8--compare-from-category-page-chromium\test-failed-1.png]]

[[ATTACHMENT|test-results\category-Category-and-Navi-a85f8--compare-from-category-page-chromium\video.webm]]

[[ATTACHMENT|test-results\category-Category-and-Navi-a85f8--compare-from-category-page-chromium\error-context.md]]
]]>
</system-out>
</testcase>
<testcase name="Category and Navigation › should navigate to subcategories" classname="category.spec.js" time="2.048">
<failure message="category.spec.js:145:3 should navigate to subcategories" type="FAILURE">
<![CDATA[  [chromium] › category.spec.js:145:3 › Category and Navigation › should navigate to subcategories ─

    Error: locator.click: Error: strict mode violation: locator('.top-menu a').filter({ hasText: 'Computers' }) resolved to 2 elements:
        1) <a href="/computers">Computers </a> aka getByRole('link', { name: 'Computers' })
        2) <a href="/computers">Computers </a> aka getByText('Computers').nth(1)

    Call log:
      - waiting for locator('.top-menu a').filter({ hasText: 'Computers' })


       at ..\page-objects\HomePage.js:24

      22 |
      23 |   async clickCategory(categoryName) {
    > 24 |     await this.categories.filter({ hasText: categoryName }).click();
         |                                                             ^
      25 |   }
      26 |
      27 |   async clickFeaturedProduct(index = 0) {
        at HomePage.clickCategory (E:\Automate\page-objects\HomePage.js:24:61)
        at E:\Automate\tests\category.spec.js:146:20

    attachment #1: screenshot (image/png) ──────────────────────────────────────────────────────────
    ..\test-results\category-Category-and-Navi-d1fa3-d-navigate-to-subcategories-chromium\test-failed-1.png
    ────────────────────────────────────────────────────────────────────────────────────────────────

    attachment #2: video (video/webm) ──────────────────────────────────────────────────────────────
    ..\test-results\category-Category-and-Navi-d1fa3-d-navigate-to-subcategories-chromium\video.webm
    ────────────────────────────────────────────────────────────────────────────────────────────────

    Error Context: ..\test-results\category-Category-and-Navi-d1fa3-d-navigate-to-subcategories-chromium\error-context.md
]]>
</failure>
<system-out>
<![CDATA[
[[ATTACHMENT|test-results\category-Category-and-Navi-d1fa3-d-navigate-to-subcategories-chromium\test-failed-1.png]]

[[ATTACHMENT|test-results\category-Category-and-Navi-d1fa3-d-navigate-to-subcategories-chromium\video.webm]]

[[ATTACHMENT|test-results\category-Category-and-Navi-d1fa3-d-navigate-to-subcategories-chromium\error-context.md]]
]]>
</system-out>
</testcase>
<testcase name="Category and Navigation › should display category description" classname="category.spec.js" time="2.22">
<failure message="category.spec.js:160:3 should display category description" type="FAILURE">
<![CDATA[  [chromium] › category.spec.js:160:3 › Category and Navigation › should display category description 

    Error: locator.click: Error: strict mode violation: locator('.top-menu a').filter({ hasText: 'Computers' }) resolved to 2 elements:
        1) <a href="/computers">Computers </a> aka getByRole('link', { name: 'Computers' })
        2) <a href="/computers">Computers </a> aka getByText('Computers').nth(1)

    Call log:
      - waiting for locator('.top-menu a').filter({ hasText: 'Computers' })


       at ..\page-objects\HomePage.js:24

      22 |
      23 |   async clickCategory(categoryName) {
    > 24 |     await this.categories.filter({ hasText: categoryName }).click();
         |                                                             ^
      25 |   }
      26 |
      27 |   async clickFeaturedProduct(index = 0) {
        at HomePage.clickCategory (E:\Automate\page-objects\HomePage.js:24:61)
        at E:\Automate\tests\category.spec.js:161:20

    attachment #1: screenshot (image/png) ──────────────────────────────────────────────────────────
    ..\test-results\category-Category-and-Navi-4229c-isplay-category-description-chromium\test-failed-1.png
    ────────────────────────────────────────────────────────────────────────────────────────────────

    attachment #2: video (video/webm) ──────────────────────────────────────────────────────────────
    ..\test-results\category-Category-and-Navi-4229c-isplay-category-description-chromium\video.webm
    ────────────────────────────────────────────────────────────────────────────────────────────────

    Error Context: ..\test-results\category-Category-and-Navi-4229c-isplay-category-description-chromium\error-context.md
]]>
</failure>
<system-out>
<![CDATA[
[[ATTACHMENT|test-results\category-Category-and-Navi-4229c-isplay-category-description-chromium\test-failed-1.png]]

[[ATTACHMENT|test-results\category-Category-and-Navi-4229c-isplay-category-description-chromium\video.webm]]

[[ATTACHMENT|test-results\category-Category-and-Navi-4229c-isplay-category-description-chromium\error-context.md]]
]]>
</system-out>
</testcase>
<testcase name="Category and Navigation › should handle empty categories" classname="category.spec.js" time="1.372">
<failure message="category.spec.js:171:3 should handle empty categories" type="FAILURE">
<![CDATA[  [chromium] › category.spec.js:171:3 › Category and Navigation › should handle empty categories ───

    Error: locator.click: Error: strict mode violation: locator('.top-menu a').filter({ hasText: 'Gift Cards' }) resolved to 2 elements:
        1) <a href="/gift-cards">Gift Cards </a> aka getByRole('link', { name: 'Gift Cards' })
        2) <a href="/gift-cards">Gift Cards </a> aka getByText('Gift Cards').nth(1)

    Call log:
      - waiting for locator('.top-menu a').filter({ hasText: 'Gift Cards' })


       at ..\page-objects\HomePage.js:24

      22 |
      23 |   async clickCategory(categoryName) {
    > 24 |     await this.categories.filter({ hasText: categoryName }).click();
         |                                                             ^
      25 |   }
      26 |
      27 |   async clickFeaturedProduct(index = 0) {
        at HomePage.clickCategory (E:\Automate\page-objects\HomePage.js:24:61)
        at E:\Automate\tests\category.spec.js:174:20

    attachment #1: screenshot (image/png) ──────────────────────────────────────────────────────────
    ..\test-results\category-Category-and-Navi-8629b-uld-handle-empty-categories-chromium\test-failed-1.png
    ────────────────────────────────────────────────────────────────────────────────────────────────

    attachment #2: video (video/webm) ──────────────────────────────────────────────────────────────
    ..\test-results\category-Category-and-Navi-8629b-uld-handle-empty-categories-chromium\video.webm
    ────────────────────────────────────────────────────────────────────────────────────────────────

    Error Context: ..\test-results\category-Category-and-Navi-8629b-uld-handle-empty-categories-chromium\error-context.md
]]>
</failure>
<system-out>
<![CDATA[
[[ATTACHMENT|test-results\category-Category-and-Navi-8629b-uld-handle-empty-categories-chromium\test-failed-1.png]]

[[ATTACHMENT|test-results\category-Category-and-Navi-8629b-uld-handle-empty-categories-chromium\video.webm]]

[[ATTACHMENT|test-results\category-Category-and-Navi-8629b-uld-handle-empty-categories-chromium\error-context.md]]
]]>
</system-out>
</testcase>
</testsuite>
<testsuite name="checkout.spec.js" timestamp="2025-07-15T18:27:52.044Z" hostname="chromium" tests="12" failures="12" skipped="0" time="379.126" errors="0">
<testcase name="Checkout Process › should navigate to checkout from cart" classname="checkout.spec.js" time="30.794">
<failure message="checkout.spec.js:22:3 should navigate to checkout from cart" type="FAILURE">
<![CDATA[  [chromium] › checkout.spec.js:22:3 › Checkout Process › should navigate to checkout from cart ────

    Test timeout of 30000ms exceeded.

    Error: locator.click: Test timeout of 30000ms exceeded.
    Call log:
      - waiting for locator('#add-to-cart-button-27')


       at ..\page-objects\ProductPage.js:26

      24 |       await this.quantityInput.fill(quantity.toString());
      25 |     }
    > 26 |     await this.addToCartButton.click();
         |                                ^
      27 |   }
      28 |
      29 |   async addToWishlist() {
        at ProductPage.addToCart (E:\Automate\page-objects\ProductPage.js:26:32)
        at E:\Automate\tests\checkout.spec.js:26:23

    attachment #1: screenshot (image/png) ──────────────────────────────────────────────────────────
    ..\test-results\checkout-Checkout-Process--5264f-igate-to-checkout-from-cart-chromium\test-failed-1.png
    ────────────────────────────────────────────────────────────────────────────────────────────────

    attachment #2: video (video/webm) ──────────────────────────────────────────────────────────────
    ..\test-results\checkout-Checkout-Process--5264f-igate-to-checkout-from-cart-chromium\video.webm
    ────────────────────────────────────────────────────────────────────────────────────────────────

    Error Context: ..\test-results\checkout-Checkout-Process--5264f-igate-to-checkout-from-cart-chromium\error-context.md
]]>
</failure>
<system-out>
<![CDATA[
[[ATTACHMENT|test-results\checkout-Checkout-Process--5264f-igate-to-checkout-from-cart-chromium\test-failed-1.png]]

[[ATTACHMENT|test-results\checkout-Checkout-Process--5264f-igate-to-checkout-from-cart-chromium\video.webm]]

[[ATTACHMENT|test-results\checkout-Checkout-Process--5264f-igate-to-checkout-from-cart-chromium\error-context.md]]
]]>
</system-out>
</testcase>
<testcase name="Checkout Process › should require terms acceptance for checkout" classname="checkout.spec.js" time="31.721">
<failure message="checkout.spec.js:40:3 should require terms acceptance for checkout" type="FAILURE">
<![CDATA[  [chromium] › checkout.spec.js:40:3 › Checkout Process › should require terms acceptance for checkout 

    Test timeout of 30000ms exceeded.

    Error: locator.click: Test timeout of 30000ms exceeded.
    Call log:
      - waiting for locator('#add-to-cart-button-27')


       at ..\page-objects\ProductPage.js:26

      24 |       await this.quantityInput.fill(quantity.toString());
      25 |     }
    > 26 |     await this.addToCartButton.click();
         |                                ^
      27 |   }
      28 |
      29 |   async addToWishlist() {
        at ProductPage.addToCart (E:\Automate\page-objects\ProductPage.js:26:32)
        at E:\Automate\tests\checkout.spec.js:44:23

    attachment #1: screenshot (image/png) ──────────────────────────────────────────────────────────
    ..\test-results\checkout-Checkout-Process--9c1fa-rms-acceptance-for-checkout-chromium\test-failed-1.png
    ────────────────────────────────────────────────────────────────────────────────────────────────

    attachment #2: video (video/webm) ──────────────────────────────────────────────────────────────
    ..\test-results\checkout-Checkout-Process--9c1fa-rms-acceptance-for-checkout-chromium\video.webm
    ────────────────────────────────────────────────────────────────────────────────────────────────

    Error Context: ..\test-results\checkout-Checkout-Process--9c1fa-rms-acceptance-for-checkout-chromium\error-context.md
]]>
</failure>
<system-out>
<![CDATA[
[[ATTACHMENT|test-results\checkout-Checkout-Process--9c1fa-rms-acceptance-for-checkout-chromium\test-failed-1.png]]

[[ATTACHMENT|test-results\checkout-Checkout-Process--9c1fa-rms-acceptance-for-checkout-chromium\video.webm]]

[[ATTACHMENT|test-results\checkout-Checkout-Process--9c1fa-rms-acceptance-for-checkout-chromium\error-context.md]]
]]>
</system-out>
</testcase>
<testcase name="Checkout Process › should display checkout steps" classname="checkout.spec.js" time="31.819">
<failure message="checkout.spec.js:57:3 should display checkout steps" type="FAILURE">
<![CDATA[  [chromium] › checkout.spec.js:57:3 › Checkout Process › should display checkout steps ────────────

    Test timeout of 30000ms exceeded.

    Error: locator.click: Test timeout of 30000ms exceeded.
    Call log:
      - waiting for locator('#add-to-cart-button-27')


       at ..\page-objects\ProductPage.js:26

      24 |       await this.quantityInput.fill(quantity.toString());
      25 |     }
    > 26 |     await this.addToCartButton.click();
         |                                ^
      27 |   }
      28 |
      29 |   async addToWishlist() {
        at ProductPage.addToCart (E:\Automate\page-objects\ProductPage.js:26:32)
        at E:\Automate\tests\checkout.spec.js:61:23

    attachment #1: screenshot (image/png) ──────────────────────────────────────────────────────────
    ..\test-results\checkout-Checkout-Process-should-display-checkout-steps-chromium\test-failed-1.png
    ────────────────────────────────────────────────────────────────────────────────────────────────

    attachment #2: video (video/webm) ──────────────────────────────────────────────────────────────
    ..\test-results\checkout-Checkout-Process-should-display-checkout-steps-chromium\video.webm
    ────────────────────────────────────────────────────────────────────────────────────────────────

    Error Context: ..\test-results\checkout-Checkout-Process-should-display-checkout-steps-chromium\error-context.md
]]>
</failure>
<system-out>
<![CDATA[
[[ATTACHMENT|test-results\checkout-Checkout-Process-should-display-checkout-steps-chromium\test-failed-1.png]]

[[ATTACHMENT|test-results\checkout-Checkout-Process-should-display-checkout-steps-chromium\video.webm]]

[[ATTACHMENT|test-results\checkout-Checkout-Process-should-display-checkout-steps-chromium\error-context.md]]
]]>
</system-out>
</testcase>
<testcase name="Checkout Process › should handle guest checkout" classname="checkout.spec.js" time="31.672">
<failure message="checkout.spec.js:72:3 should handle guest checkout" type="FAILURE">
<![CDATA[  [chromium] › checkout.spec.js:72:3 › Checkout Process › should handle guest checkout ─────────────

    Test timeout of 30000ms exceeded.

    Error: locator.click: Test timeout of 30000ms exceeded.
    Call log:
      - waiting for locator('#add-to-cart-button-27')


       at ..\page-objects\ProductPage.js:26

      24 |       await this.quantityInput.fill(quantity.toString());
      25 |     }
    > 26 |     await this.addToCartButton.click();
         |                                ^
      27 |   }
      28 |
      29 |   async addToWishlist() {
        at ProductPage.addToCart (E:\Automate\page-objects\ProductPage.js:26:32)
        at E:\Automate\tests\checkout.spec.js:76:23

    attachment #1: screenshot (image/png) ──────────────────────────────────────────────────────────
    ..\test-results\checkout-Checkout-Process-should-handle-guest-checkout-chromium\test-failed-1.png
    ────────────────────────────────────────────────────────────────────────────────────────────────

    attachment #2: video (video/webm) ──────────────────────────────────────────────────────────────
    ..\test-results\checkout-Checkout-Process-should-handle-guest-checkout-chromium\video.webm
    ────────────────────────────────────────────────────────────────────────────────────────────────

    Error Context: ..\test-results\checkout-Checkout-Process-should-handle-guest-checkout-chromium\error-context.md
]]>
</failure>
<system-out>
<![CDATA[
[[ATTACHMENT|test-results\checkout-Checkout-Process-should-handle-guest-checkout-chromium\test-failed-1.png]]

[[ATTACHMENT|test-results\checkout-Checkout-Process-should-handle-guest-checkout-chromium\video.webm]]

[[ATTACHMENT|test-results\checkout-Checkout-Process-should-handle-guest-checkout-chromium\error-context.md]]
]]>
</system-out>
</testcase>
<testcase name="Checkout Process › should fill billing address form" classname="checkout.spec.js" time="30.805">
<failure message="checkout.spec.js:93:3 should fill billing address form" type="FAILURE">
<![CDATA[  [chromium] › checkout.spec.js:93:3 › Checkout Process › should fill billing address form ─────────

    Test timeout of 30000ms exceeded.

    Error: locator.click: Test timeout of 30000ms exceeded.
    Call log:
      - waiting for locator('#add-to-cart-button-27')


       at ..\page-objects\ProductPage.js:26

      24 |       await this.quantityInput.fill(quantity.toString());
      25 |     }
    > 26 |     await this.addToCartButton.click();
         |                                ^
      27 |   }
      28 |
      29 |   async addToWishlist() {
        at ProductPage.addToCart (E:\Automate\page-objects\ProductPage.js:26:32)
        at E:\Automate\tests\checkout.spec.js:97:23

    attachment #1: screenshot (image/png) ──────────────────────────────────────────────────────────
    ..\test-results\checkout-Checkout-Process-should-fill-billing-address-form-chromium\test-failed-1.png
    ────────────────────────────────────────────────────────────────────────────────────────────────

    attachment #2: video (video/webm) ──────────────────────────────────────────────────────────────
    ..\test-results\checkout-Checkout-Process-should-fill-billing-address-form-chromium\video.webm
    ────────────────────────────────────────────────────────────────────────────────────────────────

    Error Context: ..\test-results\checkout-Checkout-Process-should-fill-billing-address-form-chromium\error-context.md
]]>
</failure>
<system-out>
<![CDATA[
[[ATTACHMENT|test-results\checkout-Checkout-Process-should-fill-billing-address-form-chromium\test-failed-1.png]]

[[ATTACHMENT|test-results\checkout-Checkout-Process-should-fill-billing-address-form-chromium\video.webm]]

[[ATTACHMENT|test-results\checkout-Checkout-Process-should-fill-billing-address-form-chromium\error-context.md]]
]]>
</system-out>
</testcase>
<testcase name="Checkout Process › should handle shipping address same as billing" classname="checkout.spec.js" time="32.417">
<failure message="checkout.spec.js:129:3 should handle shipping address same as billing" type="FAILURE">
<![CDATA[  [chromium] › checkout.spec.js:129:3 › Checkout Process › should handle shipping address same as billing 

    Test timeout of 30000ms exceeded.

    Error: locator.click: Test timeout of 30000ms exceeded.
    Call log:
      - waiting for locator('.product-title a').first()


      130 |     // Add product to cart
      131 |     await homePage.search(testData.products.laptop);
    > 132 |     await page.locator('.product-title a').first().click();
          |                                                    ^
      133 |     await productPage.addToCart();
      134 |     await productPage.closeNotification();
      135 |     
        at E:\Automate\tests\checkout.spec.js:132:52

    attachment #1: screenshot (image/png) ──────────────────────────────────────────────────────────
    ..\test-results\checkout-Checkout-Process--97ae5-ing-address-same-as-billing-chromium\test-failed-1.png
    ────────────────────────────────────────────────────────────────────────────────────────────────

    attachment #2: video (video/webm) ──────────────────────────────────────────────────────────────
    ..\test-results\checkout-Checkout-Process--97ae5-ing-address-same-as-billing-chromium\video.webm
    ────────────────────────────────────────────────────────────────────────────────────────────────

    Error Context: ..\test-results\checkout-Checkout-Process--97ae5-ing-address-same-as-billing-chromium\error-context.md
]]>
</failure>
<system-out>
<![CDATA[
[[ATTACHMENT|test-results\checkout-Checkout-Process--97ae5-ing-address-same-as-billing-chromium\test-failed-1.png]]

[[ATTACHMENT|test-results\checkout-Checkout-Process--97ae5-ing-address-same-as-billing-chromium\video.webm]]

[[ATTACHMENT|test-results\checkout-Checkout-Process--97ae5-ing-address-same-as-billing-chromium\error-context.md]]
]]>
</system-out>
</testcase>
<testcase name="Checkout Process › should select shipping method" classname="checkout.spec.js" time="31.475">
<failure message="checkout.spec.js:154:3 should select shipping method" type="FAILURE">
<![CDATA[  [chromium] › checkout.spec.js:154:3 › Checkout Process › should select shipping method ───────────

    Test timeout of 30000ms exceeded.

    Error: locator.click: Test timeout of 30000ms exceeded.
    Call log:
      - waiting for locator('#add-to-cart-button-27')


       at ..\page-objects\ProductPage.js:26

      24 |       await this.quantityInput.fill(quantity.toString());
      25 |     }
    > 26 |     await this.addToCartButton.click();
         |                                ^
      27 |   }
      28 |
      29 |   async addToWishlist() {
        at ProductPage.addToCart (E:\Automate\page-objects\ProductPage.js:26:32)
        at E:\Automate\tests\checkout.spec.js:158:23

    attachment #1: screenshot (image/png) ──────────────────────────────────────────────────────────
    ..\test-results\checkout-Checkout-Process-should-select-shipping-method-chromium\test-failed-1.png
    ────────────────────────────────────────────────────────────────────────────────────────────────

    attachment #2: video (video/webm) ──────────────────────────────────────────────────────────────
    ..\test-results\checkout-Checkout-Process-should-select-shipping-method-chromium\video.webm
    ────────────────────────────────────────────────────────────────────────────────────────────────

    Error Context: ..\test-results\checkout-Checkout-Process-should-select-shipping-method-chromium\error-context.md
]]>
</failure>
<system-out>
<![CDATA[
[[ATTACHMENT|test-results\checkout-Checkout-Process-should-select-shipping-method-chromium\test-failed-1.png]]

[[ATTACHMENT|test-results\checkout-Checkout-Process-should-select-shipping-method-chromium\video.webm]]

[[ATTACHMENT|test-results\checkout-Checkout-Process-should-select-shipping-method-chromium\error-context.md]]
]]>
</system-out>
</testcase>
<testcase name="Checkout Process › should select payment method" classname="checkout.spec.js" time="32.02">
<failure message="checkout.spec.js:176:3 should select payment method" type="FAILURE">
<![CDATA[  [chromium] › checkout.spec.js:176:3 › Checkout Process › should select payment method ────────────

    Test timeout of 30000ms exceeded.

    Error: locator.click: Test timeout of 30000ms exceeded.
    Call log:
      - waiting for locator('.product-title a').first()


      177 |     // Add product to cart
      178 |     await homePage.search(testData.products.laptop);
    > 179 |     await page.locator('.product-title a').first().click();
          |                                                    ^
      180 |     await productPage.addToCart();
      181 |     await productPage.closeNotification();
      182 |     
        at E:\Automate\tests\checkout.spec.js:179:52

    attachment #1: screenshot (image/png) ──────────────────────────────────────────────────────────
    ..\test-results\checkout-Checkout-Process-should-select-payment-method-chromium\test-failed-1.png
    ────────────────────────────────────────────────────────────────────────────────────────────────

    attachment #2: video (video/webm) ──────────────────────────────────────────────────────────────
    ..\test-results\checkout-Checkout-Process-should-select-payment-method-chromium\video.webm
    ────────────────────────────────────────────────────────────────────────────────────────────────

    Error Context: ..\test-results\checkout-Checkout-Process-should-select-payment-method-chromium\error-context.md
]]>
</failure>
<system-out>
<![CDATA[
[[ATTACHMENT|test-results\checkout-Checkout-Process-should-select-payment-method-chromium\test-failed-1.png]]

[[ATTACHMENT|test-results\checkout-Checkout-Process-should-select-payment-method-chromium\video.webm]]

[[ATTACHMENT|test-results\checkout-Checkout-Process-should-select-payment-method-chromium\error-context.md]]
]]>
</system-out>
</testcase>
<testcase name="Checkout Process › should display order summary" classname="checkout.spec.js" time="31.393">
<failure message="checkout.spec.js:195:3 should display order summary" type="FAILURE">
<![CDATA[  [chromium] › checkout.spec.js:195:3 › Checkout Process › should display order summary ────────────

    Test timeout of 30000ms exceeded.

    Error: locator.click: Test timeout of 30000ms exceeded.
    Call log:
      - waiting for locator('#add-to-cart-button-27')


       at ..\page-objects\ProductPage.js:26

      24 |       await this.quantityInput.fill(quantity.toString());
      25 |     }
    > 26 |     await this.addToCartButton.click();
         |                                ^
      27 |   }
      28 |
      29 |   async addToWishlist() {
        at ProductPage.addToCart (E:\Automate\page-objects\ProductPage.js:26:32)
        at E:\Automate\tests\checkout.spec.js:199:23

    attachment #1: screenshot (image/png) ──────────────────────────────────────────────────────────
    ..\test-results\checkout-Checkout-Process-should-display-order-summary-chromium\test-failed-1.png
    ────────────────────────────────────────────────────────────────────────────────────────────────

    attachment #2: video (video/webm) ──────────────────────────────────────────────────────────────
    ..\test-results\checkout-Checkout-Process-should-display-order-summary-chromium\video.webm
    ────────────────────────────────────────────────────────────────────────────────────────────────

    Error Context: ..\test-results\checkout-Checkout-Process-should-display-order-summary-chromium\error-context.md
]]>
</failure>
<system-out>
<![CDATA[
[[ATTACHMENT|test-results\checkout-Checkout-Process-should-display-order-summary-chromium\test-failed-1.png]]

[[ATTACHMENT|test-results\checkout-Checkout-Process-should-display-order-summary-chromium\video.webm]]

[[ATTACHMENT|test-results\checkout-Checkout-Process-should-display-order-summary-chromium\error-context.md]]
]]>
</system-out>
</testcase>
<testcase name="Checkout Process › should handle checkout validation errors" classname="checkout.spec.js" time="31.523">
<failure message="checkout.spec.js:214:3 should handle checkout validation errors" type="FAILURE">
<![CDATA[  [chromium] › checkout.spec.js:214:3 › Checkout Process › should handle checkout validation errors 

    Test timeout of 30000ms exceeded.

    Error: locator.click: Test timeout of 30000ms exceeded.
    Call log:
      - waiting for locator('#add-to-cart-button-27')


       at ..\page-objects\ProductPage.js:26

      24 |       await this.quantityInput.fill(quantity.toString());
      25 |     }
    > 26 |     await this.addToCartButton.click();
         |                                ^
      27 |   }
      28 |
      29 |   async addToWishlist() {
        at ProductPage.addToCart (E:\Automate\page-objects\ProductPage.js:26:32)
        at E:\Automate\tests\checkout.spec.js:218:23

    attachment #1: screenshot (image/png) ──────────────────────────────────────────────────────────
    ..\test-results\checkout-Checkout-Process--8f556--checkout-validation-errors-chromium\test-failed-1.png
    ────────────────────────────────────────────────────────────────────────────────────────────────

    attachment #2: video (video/webm) ──────────────────────────────────────────────────────────────
    ..\test-results\checkout-Checkout-Process--8f556--checkout-validation-errors-chromium\video.webm
    ────────────────────────────────────────────────────────────────────────────────────────────────

    Error Context: ..\test-results\checkout-Checkout-Process--8f556--checkout-validation-errors-chromium\error-context.md
]]>
</failure>
<system-out>
<![CDATA[
[[ATTACHMENT|test-results\checkout-Checkout-Process--8f556--checkout-validation-errors-chromium\test-failed-1.png]]

[[ATTACHMENT|test-results\checkout-Checkout-Process--8f556--checkout-validation-errors-chromium\video.webm]]

[[ATTACHMENT|test-results\checkout-Checkout-Process--8f556--checkout-validation-errors-chromium\error-context.md]]
]]>
</system-out>
</testcase>
<testcase name="Checkout Process › should handle different country selection" classname="checkout.spec.js" time="31.816">
<failure message="checkout.spec.js:235:3 should handle different country selection" type="FAILURE">
<![CDATA[  [chromium] › checkout.spec.js:235:3 › Checkout Process › should handle different country selection 

    Test timeout of 30000ms exceeded.

    Error: locator.click: Test timeout of 30000ms exceeded.
    Call log:
      - waiting for locator('#add-to-cart-button-27')


       at ..\page-objects\ProductPage.js:26

      24 |       await this.quantityInput.fill(quantity.toString());
      25 |     }
    > 26 |     await this.addToCartButton.click();
         |                                ^
      27 |   }
      28 |
      29 |   async addToWishlist() {
        at ProductPage.addToCart (E:\Automate\page-objects\ProductPage.js:26:32)
        at E:\Automate\tests\checkout.spec.js:239:23

    attachment #1: screenshot (image/png) ──────────────────────────────────────────────────────────
    ..\test-results\checkout-Checkout-Process--055c3-different-country-selection-chromium\test-failed-1.png
    ────────────────────────────────────────────────────────────────────────────────────────────────

    attachment #2: video (video/webm) ──────────────────────────────────────────────────────────────
    ..\test-results\checkout-Checkout-Process--055c3-different-country-selection-chromium\video.webm
    ────────────────────────────────────────────────────────────────────────────────────────────────

    Error Context: ..\test-results\checkout-Checkout-Process--055c3-different-country-selection-chromium\error-context.md
]]>
</failure>
<system-out>
<![CDATA[
[[ATTACHMENT|test-results\checkout-Checkout-Process--055c3-different-country-selection-chromium\test-failed-1.png]]

[[ATTACHMENT|test-results\checkout-Checkout-Process--055c3-different-country-selection-chromium\video.webm]]

[[ATTACHMENT|test-results\checkout-Checkout-Process--055c3-different-country-selection-chromium\error-context.md]]
]]>
</system-out>
</testcase>
<testcase name="Checkout Process › should calculate tax and shipping costs" classname="checkout.spec.js" time="31.671">
<failure message="checkout.spec.js:260:3 should calculate tax and shipping costs" type="FAILURE">
<![CDATA[  [chromium] › checkout.spec.js:260:3 › Checkout Process › should calculate tax and shipping costs ─

    Test timeout of 30000ms exceeded.

    Error: locator.click: Test timeout of 30000ms exceeded.
    Call log:
      - waiting for locator('#add-to-cart-button-27')


       at ..\page-objects\ProductPage.js:26

      24 |       await this.quantityInput.fill(quantity.toString());
      25 |     }
    > 26 |     await this.addToCartButton.click();
         |                                ^
      27 |   }
      28 |
      29 |   async addToWishlist() {
        at ProductPage.addToCart (E:\Automate\page-objects\ProductPage.js:26:32)
        at E:\Automate\tests\checkout.spec.js:264:23

    attachment #1: screenshot (image/png) ──────────────────────────────────────────────────────────
    ..\test-results\checkout-Checkout-Process--eddf6-late-tax-and-shipping-costs-chromium\test-failed-1.png
    ────────────────────────────────────────────────────────────────────────────────────────────────

    attachment #2: video (video/webm) ──────────────────────────────────────────────────────────────
    ..\test-results\checkout-Checkout-Process--eddf6-late-tax-and-shipping-costs-chromium\video.webm
    ────────────────────────────────────────────────────────────────────────────────────────────────

    Error Context: ..\test-results\checkout-Checkout-Process--eddf6-late-tax-and-shipping-costs-chromium\error-context.md
]]>
</failure>
<system-out>
<![CDATA[
[[ATTACHMENT|test-results\checkout-Checkout-Process--eddf6-late-tax-and-shipping-costs-chromium\test-failed-1.png]]

[[ATTACHMENT|test-results\checkout-Checkout-Process--eddf6-late-tax-and-shipping-costs-chromium\video.webm]]

[[ATTACHMENT|test-results\checkout-Checkout-Process--eddf6-late-tax-and-shipping-costs-chromium\error-context.md]]
]]>
</system-out>
</testcase>
</testsuite>
<testsuite name="contact.spec.js" timestamp="2025-07-15T18:27:52.044Z" hostname="chromium" tests="17" failures="12" skipped="0" time="172.468" errors="0">
<testcase name="Contact and Information Pages › should display contact us page" classname="contact.spec.js" time="8.397">
<failure message="contact.spec.js:13:3 should display contact us page" type="FAILURE">
<![CDATA[  [chromium] › contact.spec.js:13:3 › Contact and Information Pages › should display contact us page 

    Error: Timed out 5000ms waiting for expect(locator).toContainText(expected)

    Locator: locator('.page-title')
    Expected string: "Contact us"
    Received: <element(s) not found>
    Call log:
      - Expect "toContainText" with timeout 5000ms
      - waiting for locator('.page-title')


      17 |     // Verify contact us page elements
      18 |     await expect(page).toHaveURL(/.*contactus/);
    > 19 |     await expect(page.locator('.page-title')).toContainText('Contact us');
         |                                               ^
      20 |     await expect(page.locator('#FullName')).toBeVisible();
      21 |     await expect(page.locator('#Email')).toBeVisible();
      22 |     await expect(page.locator('#Subject')).toBeVisible();
        at E:\Automate\tests\contact.spec.js:19:47

    attachment #1: screenshot (image/png) ──────────────────────────────────────────────────────────
    ..\test-results\contact-Contact-and-Inform-c169c-uld-display-contact-us-page-chromium\test-failed-1.png
    ────────────────────────────────────────────────────────────────────────────────────────────────

    attachment #2: video (video/webm) ──────────────────────────────────────────────────────────────
    ..\test-results\contact-Contact-and-Inform-c169c-uld-display-contact-us-page-chromium\video.webm
    ────────────────────────────────────────────────────────────────────────────────────────────────

    Error Context: ..\test-results\contact-Contact-and-Inform-c169c-uld-display-contact-us-page-chromium\error-context.md
]]>
</failure>
<system-out>
<![CDATA[
[[ATTACHMENT|test-results\contact-Contact-and-Inform-c169c-uld-display-contact-us-page-chromium\test-failed-1.png]]

[[ATTACHMENT|test-results\contact-Contact-and-Inform-c169c-uld-display-contact-us-page-chromium\video.webm]]

[[ATTACHMENT|test-results\contact-Contact-and-Inform-c169c-uld-display-contact-us-page-chromium\error-context.md]]
]]>
</system-out>
</testcase>
<testcase name="Contact and Information Pages › should submit contact form successfully" classname="contact.spec.js" time="30.176">
<failure message="contact.spec.js:27:3 should submit contact form successfully" type="FAILURE">
<![CDATA[  [chromium] › contact.spec.js:27:3 › Contact and Information Pages › should submit contact form successfully 

    Test timeout of 30000ms exceeded.

    Error: locator.fill: Test timeout of 30000ms exceeded.
    Call log:
      - waiting for locator('#Subject')


      32 |     await page.locator('#FullName').fill(`${testData.newUser.firstName} ${testData.newUser.lastName}`);
      33 |     await page.locator('#Email').fill(testData.newUser.email);
    > 34 |     await page.locator('#Subject').fill('Test Subject');
         |                                    ^
      35 |     await page.locator('#Enquiry').fill('This is a test enquiry message for automated testing.');
      36 |     
      37 |     // Submit form
[...]

[[ATTACHMENT|test-results\registration-User-Registration-should-handle-optional-fields-mobile\video.webm]]
]]>
</system-out>
</testcase>
<testcase name="User Registration › should validate required field marking" classname="registration.spec.js" time="12.196">
<failure message="registration.spec.js:150:3 should validate required field marking" type="FAILURE">
<![CDATA[  [mobile] › registration.spec.js:150:3 › User Registration › should validate required field marking 

    Error: Timed out 5000ms waiting for expect(locator).toContainText(expected)

    Locator: locator('label[for="FirstName"]')
    Expected string: "*"
    Received: <element(s) not found>
    Call log:
      - Expect "toContainText" with timeout 5000ms
      - waiting for locator('label[for="FirstName"]')
        - waiting for navigation to finish...


      152 |     
      153 |     // Check if required fields are marked with asterisk
    > 154 |     await expect(page.locator('label[for="FirstName"]')).toContainText('*');
          |                                                          ^
      155 |     await expect(page.locator('label[for="LastName"]')).toContainText('*');
      156 |     await expect(page.locator('label[for="Email"]')).toContainText('*');
      157 |     await expect(page.locator('label[for="Password"]')).toContainText('*');
        at E:\Automate\tests\registration.spec.js:154:58

    attachment #1: screenshot (image/png) ──────────────────────────────────────────────────────────
    ..\test-results\registration-User-Registra-f8790-date-required-field-marking-mobile\test-failed-1.png
    ────────────────────────────────────────────────────────────────────────────────────────────────

    attachment #2: video (video/webm) ──────────────────────────────────────────────────────────────
    ..\test-results\registration-User-Registra-f8790-date-required-field-marking-mobile\video.webm
    ────────────────────────────────────────────────────────────────────────────────────────────────
]]>
</failure>
<system-out>
<![CDATA[
[[ATTACHMENT|test-results\registration-User-Registra-f8790-date-required-field-marking-mobile\test-failed-1.png]]

[[ATTACHMENT|test-results\registration-User-Registra-f8790-date-required-field-marking-mobile\video.webm]]
]]>
</system-out>
</testcase>
<testcase name="User Registration › should handle terms and conditions" classname="registration.spec.js" time="2.599">
</testcase>
<testcase name="User Registration › should handle privacy policy link" classname="registration.spec.js" time="2.336">
</testcase>
</testsuite>
<testsuite name="search-enhanced.spec.js" timestamp="2025-07-15T18:27:52.044Z" hostname="mobile" tests="15" failures="8" skipped="0" time="204.892" errors="0">
<testcase name="Enhanced Search Functionality › should search with multiple valid terms" classname="search-enhanced.spec.js" time="13.889">
<failure message="search-enhanced.spec.js:13:3 should search with multiple valid terms" type="FAILURE">
<![CDATA[  [mobile] › search-enhanced.spec.js:13:3 › Enhanced Search Functionality › should search with multiple valid terms 

    Error: Timed out 5000ms waiting for expect(locator).toBeVisible()

    Locator: locator('.search-results')
    Expected: visible
    Received: <element(s) not found>
    Call log:
      - Expect "toBeVisible" with timeout 5000ms
      - waiting for locator('.search-results')
        - waiting for navigation to finish...


      15 |       await homePage.search(term);
      16 |       await expect(page).toHaveURL(/.*search/);
    > 17 |       await expect(page.locator('.search-results')).toBeVisible();
         |                                                     ^
      18 |       await homePage.goto();
      19 |     }
      20 |   });
        at E:\Automate\tests\search-enhanced.spec.js:17:53

    attachment #1: screenshot (image/png) ──────────────────────────────────────────────────────────
    ..\test-results\search-enhanced-Enhanced-S-c4837-h-with-multiple-valid-terms-mobile\test-failed-1.png
    ────────────────────────────────────────────────────────────────────────────────────────────────

    attachment #2: video (video/webm) ──────────────────────────────────────────────────────────────
    ..\test-results\search-enhanced-Enhanced-S-c4837-h-with-multiple-valid-terms-mobile\video.webm
    ────────────────────────────────────────────────────────────────────────────────────────────────
]]>
</failure>
<system-out>
<![CDATA[
[[ATTACHMENT|test-results\search-enhanced-Enhanced-S-c4837-h-with-multiple-valid-terms-mobile\test-failed-1.png]]

[[ATTACHMENT|test-results\search-enhanced-Enhanced-S-c4837-h-with-multiple-valid-terms-mobile\video.webm]]
]]>
</system-out>
</testcase>
<testcase name="Enhanced Search Functionality › should handle case-insensitive search" classname="search-enhanced.spec.js" time="35.143">
<failure message="search-enhanced.spec.js:22:3 should handle case-insensitive search" type="FAILURE">
<![CDATA[  [mobile] › search-enhanced.spec.js:22:3 › Enhanced Search Functionality › should handle case-insensitive search 

    Test timeout of 30000ms exceeded.

    Error: locator.fill: Test timeout of 30000ms exceeded.
    Call log:
      - waiting for locator('#small-searchterms')
        - waiting for navigation to finish...


       at ..\page-objects\HomePage.js:19

      17 |
      18 |   async search(searchTerm) {
    > 19 |     await this.searchBox.fill(searchTerm);
         |                          ^
      20 |     await this.searchButton.click();
      21 |   }
      22 |
        at HomePage.search (E:\Automate\page-objects\HomePage.js:19:26)
        at E:\Automate\tests\search-enhanced.spec.js:31:20

    attachment #1: screenshot (image/png) ──────────────────────────────────────────────────────────
    ..\test-results\search-enhanced-Enhanced-S-740e5-dle-case-insensitive-search-mobile\test-failed-1.png
    ────────────────────────────────────────────────────────────────────────────────────────────────

    attachment #2: video (video/webm) ──────────────────────────────────────────────────────────────
    ..\test-results\search-enhanced-Enhanced-S-740e5-dle-case-insensitive-search-mobile\video.webm
    ────────────────────────────────────────────────────────────────────────────────────────────────
]]>
</failure>
<system-out>
<![CDATA[
[[ATTACHMENT|test-results\search-enhanced-Enhanced-S-740e5-dle-case-insensitive-search-mobile\test-failed-1.png]]

[[ATTACHMENT|test-results\search-enhanced-Enhanced-S-740e5-dle-case-insensitive-search-mobile\video.webm]]
]]>
</system-out>
</testcase>
<testcase name="Enhanced Search Functionality › should search with special characters" classname="search-enhanced.spec.js" time="35.159">
<failure message="search-enhanced.spec.js:35:3 should search with special characters" type="FAILURE">
<![CDATA[  [mobile] › search-enhanced.spec.js:35:3 › Enhanced Search Functionality › should search with special characters 

    Test timeout of 30000ms exceeded.

    Error: locator.fill: Test timeout of 30000ms exceeded.
    Call log:
      - waiting for locator('#small-searchterms')
        - waiting for navigation to finish...


       at ..\page-objects\HomePage.js:19

      17 |
      18 |   async search(searchTerm) {
    > 19 |     await this.searchBox.fill(searchTerm);
         |                          ^
      20 |     await this.searchButton.click();
      21 |   }
      22 |
        at HomePage.search (E:\Automate\page-objects\HomePage.js:19:26)
        at E:\Automate\tests\search-enhanced.spec.js:39:22

    attachment #1: screenshot (image/png) ──────────────────────────────────────────────────────────
    ..\test-results\search-enhanced-Enhanced-S-f1630-rch-with-special-characters-mobile\test-failed-1.png
    ────────────────────────────────────────────────────────────────────────────────────────────────

    attachment #2: video (video/webm) ──────────────────────────────────────────────────────────────
    ..\test-results\search-enhanced-Enhanced-S-f1630-rch-with-special-characters-mobile\video.webm
    ────────────────────────────────────────────────────────────────────────────────────────────────
]]>
</failure>
<system-out>
<![CDATA[
[[ATTACHMENT|test-results\search-enhanced-Enhanced-S-f1630-rch-with-special-characters-mobile\test-failed-1.png]]

[[ATTACHMENT|test-results\search-enhanced-Enhanced-S-f1630-rch-with-special-characters-mobile\video.webm]]
]]>
</system-out>
</testcase>
<testcase name="Enhanced Search Functionality › should handle very long search terms" classname="search-enhanced.spec.js" time="2.627">
</testcase>
<testcase name="Enhanced Search Functionality › should handle search with numbers" classname="search-enhanced.spec.js" time="35.13">
<failure message="search-enhanced.spec.js:51:3 should handle search with numbers" type="FAILURE">
<![CDATA[  [mobile] › search-enhanced.spec.js:51:3 › Enhanced Search Functionality › should handle search with numbers 

    Test timeout of 30000ms exceeded.

    Error: locator.fill: Test timeout of 30000ms exceeded.
    Call log:
      - waiting for locator('#small-searchterms')
        - waiting for navigation to finish...


       at ..\page-objects\HomePage.js:19

      17 |
      18 |   async search(searchTerm) {
    > 19 |     await this.searchBox.fill(searchTerm);
         |                          ^
      20 |     await this.searchButton.click();
      21 |   }
      22 |
        at HomePage.search (E:\Automate\page-objects\HomePage.js:19:26)
        at E:\Automate\tests\search-enhanced.spec.js:55:22

    attachment #1: screenshot (image/png) ──────────────────────────────────────────────────────────
    ..\test-results\search-enhanced-Enhanced-S-33391--handle-search-with-numbers-mobile\test-failed-1.png
    ────────────────────────────────────────────────────────────────────────────────────────────────

    attachment #2: video (video/webm) ──────────────────────────────────────────────────────────────
    ..\test-results\search-enhanced-Enhanced-S-33391--handle-search-with-numbers-mobile\video.webm
    ────────────────────────────────────────────────────────────────────────────────────────────────
]]>
</failure>
<system-out>
<![CDATA[
[[ATTACHMENT|test-results\search-enhanced-Enhanced-S-33391--handle-search-with-numbers-mobile\test-failed-1.png]]

[[ATTACHMENT|test-results\search-enhanced-Enhanced-S-33391--handle-search-with-numbers-mobile\video.webm]]
]]>
</system-out>
</testcase>
<testcase name="Enhanced Search Functionality › should display search results count" classname="search-enhanced.spec.js" time="12.734">
<failure message="search-enhanced.spec.js:61:3 should display search results count" type="FAILURE">
<![CDATA[  [mobile] › search-enhanced.spec.js:61:3 › Enhanced Search Functionality › should display search results count 

    Error: Timed out 5000ms waiting for expect(locator).toBeVisible()

    Locator: locator('.search-results-info, .pager-info')
    Expected: visible
    Received: <element(s) not found>
    Call log:
      - Expect "toBeVisible" with timeout 5000ms
      - waiting for locator('.search-results-info, .pager-info')
        - waiting for navigation to finish...


      64 |     // Check if search results count is displayed
      65 |     const resultsInfo = page.locator('.search-results-info, .pager-info');
    > 66 |     await expect(resultsInfo).toBeVisible();
         |                               ^
      67 |   });
      68 |
      69 |   test('should search using Enter key', async ({ page }) => {
        at E:\Automate\tests\search-enhanced.spec.js:66:31

    attachment #1: screenshot (image/png) ──────────────────────────────────────────────────────────
    ..\test-results\search-enhanced-Enhanced-S-ba60d-isplay-search-results-count-mobile\test-failed-1.png
    ────────────────────────────────────────────────────────────────────────────────────────────────

    attachment #2: video (video/webm) ──────────────────────────────────────────────────────────────
    ..\test-results\search-enhanced-Enhanced-S-ba60d-isplay-search-results-count-mobile\video.webm
    ────────────────────────────────────────────────────────────────────────────────────────────────
]]>
</failure>
<system-out>
<![CDATA[
[[ATTACHMENT|test-results\search-enhanced-Enhanced-S-ba60d-isplay-search-results-count-mobile\test-failed-1.png]]

[[ATTACHMENT|test-results\search-enhanced-Enhanced-S-ba60d-isplay-search-results-count-mobile\video.webm]]
]]>
</system-out>
</testcase>
<testcase name="Enhanced Search Functionality › should search using Enter key" classname="search-enhanced.spec.js" time="2.705">
</testcase>
<testcase name="Enhanced Search Functionality › should maintain search term in search box after search" classname="search-enhanced.spec.js" time="12.121">
<failure message="search-enhanced.spec.js:76:3 should maintain search term in search box after search" type="FAILURE">
<![CDATA[  [mobile] › search-enhanced.spec.js:76:3 › Enhanced Search Functionality › should maintain search term in search box after search 

    Error: Timed out 5000ms waiting for expect(locator).toHaveValue(expected)

    Locator: locator('#small-searchterms')
    Expected string: "laptop"
    Received: <element(s) not found>
    Call log:
      - Expect "toHaveValue" with timeout 5000ms
      - waiting for locator('#small-searchterms')
        - waiting for navigation to finish...


      79 |     
      80 |     // Verify search term is still in search box
    > 81 |     await expect(page.locator('#small-searchterms')).toHaveValue(searchTerm);
         |                                                      ^
      82 |   });
      83 |
      84 |   test('should handle empty search gracefully', async ({ page }) => {
        at E:\Automate\tests\search-enhanced.spec.js:81:54

    attachment #1: screenshot (image/png) ──────────────────────────────────────────────────────────
    ..\test-results\search-enhanced-Enhanced-S-8849e--in-search-box-after-search-mobile\test-failed-1.png
    ────────────────────────────────────────────────────────────────────────────────────────────────

    attachment #2: video (video/webm) ──────────────────────────────────────────────────────────────
    ..\test-results\search-enhanced-Enhanced-S-8849e--in-search-box-after-search-mobile\video.webm
    ────────────────────────────────────────────────────────────────────────────────────────────────
]]>
</failure>
<system-out>
<![CDATA[
[[ATTACHMENT|test-results\search-enhanced-Enhanced-S-8849e--in-search-box-after-search-mobile\test-failed-1.png]]

[[ATTACHMENT|test-results\search-enhanced-Enhanced-S-8849e--in-search-box-after-search-mobile\video.webm]]
]]>
</system-out>
</testcase>
<testcase name="Enhanced Search Functionality › should handle empty search gracefully" classname="search-enhanced.spec.js" time="7.648">
<failure message="search-enhanced.spec.js:84:3 should handle empty search gracefully" type="FAILURE">
<![CDATA[  [mobile] › search-enhanced.spec.js:84:3 › Enhanced Search Functionality › should handle empty search gracefully 

    Error: Timed out 5000ms waiting for expect(page).toHaveURL(expected)

    Expected pattern: /.*search/
    Received string:  "https://demo.nopcommerce.com/"
    Call log:
      - Expect "toHaveURL" with timeout 5000ms
        9 × unexpected value "https://demo.nopcommerce.com/"


      86 |     
      87 |     // Should handle empty search appropriately
    > 88 |     await expect(page).toHaveURL(/.*search/);
         |                        ^
      89 |   });
      90 |
      91 |   test('should search from different pages', async ({ page }) => {
        at E:\Automate\tests\search-enhanced.spec.js:88:24

    attachment #1: screenshot (image/png) ──────────────────────────────────────────────────────────
    ..\test-results\search-enhanced-Enhanced-S-7a8bc-dle-empty-search-gracefully-mobile\test-failed-1.png
    ────────────────────────────────────────────────────────────────────────────────────────────────

    attachment #2: video (video/webm) ──────────────────────────────────────────────────────────────
    ..\test-results\search-enhanced-Enhanced-S-7a8bc-dle-empty-search-gracefully-mobile\video.webm
    ────────────────────────────────────────────────────────────────────────────────────────────────

    Error Context: ..\test-results\search-enhanced-Enhanced-S-7a8bc-dle-empty-search-gracefully-mobile\error-context.md
]]>
</failure>
<system-out>
<![CDATA[
[[ATTACHMENT|test-results\search-enhanced-Enhanced-S-7a8bc-dle-empty-search-gracefully-mobile\test-failed-1.png]]

[[ATTACHMENT|test-results\search-enhanced-Enhanced-S-7a8bc-dle-empty-search-gracefully-mobile\video.webm]]

[[ATTACHMENT|test-results\search-enhanced-Enhanced-S-7a8bc-dle-empty-search-gracefully-mobile\error-context.md]]
]]>
</system-out>
</testcase>
<testcase name="Enhanced Search Functionality › should search from different pages" classname="search-enhanced.spec.js" time="35.148">
<failure message="search-enhanced.spec.js:91:3 should search from different pages" type="FAILURE">
<![CDATA[  [mobile] › search-enhanced.spec.js:91:3 › Enhanced Search Functionality › should search from different pages 

    Test timeout of 30000ms exceeded.

    Error: locator.fill: Test timeout of 30000ms exceeded.
    Call log:
      - waiting for locator('#small-searchterms')
        - waiting for navigation to finish...


       at ..\page-objects\HomePage.js:19

      17 |
      18 |   async search(searchTerm) {
    > 19 |     await this.searchBox.fill(searchTerm);
         |                          ^
      20 |     await this.searchButton.click();
      21 |   }
      22 |
        at HomePage.search (E:\Automate\page-objects\HomePage.js:19:26)
        at E:\Automate\tests\search-enhanced.spec.js:96:20

    attachment #1: screenshot (image/png) ──────────────────────────────────────────────────────────
    ..\test-results\search-enhanced-Enhanced-S-e1be5-search-from-different-pages-mobile\test-failed-1.png
    ────────────────────────────────────────────────────────────────────────────────────────────────

    attachment #2: video (video/webm) ──────────────────────────────────────────────────────────────
    ..\test-results\search-enhanced-Enhanced-S-e1be5-search-from-different-pages-mobile\video.webm
    ────────────────────────────────────────────────────────────────────────────────────────────────
]]>
</failure>
<system-out>
<![CDATA[
[[ATTACHMENT|test-results\search-enhanced-Enhanced-S-e1be5-search-from-different-pages-mobile\test-failed-1.png]]

[[ATTACHMENT|test-results\search-enhanced-Enhanced-S-e1be5-search-from-different-pages-mobile\video.webm]]
]]>
</system-out>
</testcase>
<testcase name="Enhanced Search Functionality › should sort search results" classname="search-enhanced.spec.js" time="2.513">
</testcase>
<testcase name="Enhanced Search Functionality › should filter search results" classname="search-enhanced.spec.js" time="2.523">
</testcase>
<testcase name="Enhanced Search Functionality › should paginate through search results" classname="search-enhanced.spec.js" time="2.759">
</testcase>
<testcase name="Enhanced Search Functionality › should search for products in specific categories" classname="search-enhanced.spec.js" time="2.794">
</testcase>
<testcase name="Enhanced Search Functionality › should handle search suggestions/autocomplete" classname="search-enhanced.spec.js" time="1.999">
</testcase>
</testsuite>
<testsuite name="search.spec.js" timestamp="2025-07-15T18:27:52.044Z" hostname="mobile" tests="3" failures="0" skipped="0" time="6.831" errors="0">
<testcase name="Search Functionality › should display search elements" classname="search.spec.js" time="1.971">
</testcase>
<testcase name="Search Functionality › should search with valid term" classname="search.spec.js" time="2.387">
</testcase>
<testcase name="Search Functionality › should handle search with no results" classname="search.spec.js" time="2.473">
</testcase>
</testsuite>
</testsuites>